<?xml version="1.0" encoding="UTF-8"?>
<!-- Generated by org.testng.reporters.JUnitReportReporter -->
<testsuite hostname="DESKTOP-1PC1O0I" failures="0" tests="4" name="testCases.Tc_003_LoginDDT" time="70.241" errors="0" timestamp="2024-04-22T19:19:37 GMT-07:00" skipped="0">
  <testcase classname="testCases.Tc_003_LoginDDT" name="verify_loginDDT" time="2.999"/>
  <testcase classname="testCases.Tc_003_LoginDDT" name="verify_loginDDT" time="32.004"/>
  <testcase classname="testCases.Tc_003_LoginDDT" name="verify_loginDDT" time="3.282"/>
  <testcase classname="testCases.Tc_003_LoginDDT" name="verify_loginDDT" time="31.956"/>
</testsuite> <!-- testCases.Tc_003_LoginDDT -->
