<?xml version="1.0" encoding="UTF-8"?>
<!-- Generated by org.testng.reporters.JUnitReportReporter -->
<testsuite hostname="DESKTOP-1PC1O0I" failures="0" tests="1" name="testCases.Tc_001_AccountRegistrationTest" time="3.914" errors="0" timestamp="2024-04-24T11:04:01 GMT-07:00" skipped="0">
  <testcase classname="testCases.Tc_001_AccountRegistrationTest" name="testmethod" time="3.914"/>
</testsuite> <!-- testCases.Tc_001_AccountRegistrationTest -->
