<?xml version="1.0" encoding="UTF-8"?>
<!-- Generated by org.testng.reporters.JUnitReportReporter -->
<testsuite hostname="DESKTOP-1PC1O0I" failures="0" tests="1" name="testCases.Tc_002_LoginTest" time="1.842" errors="0" timestamp="2024-05-06T10:58:17 GMT-07:00" skipped="0">
  <testcase classname="testCases.Tc_002_LoginTest" name="verfiylogin" time="1.842"/>
</testsuite> <!-- testCases.Tc_002_LoginTest -->
