<?xml version="1.0" encoding="UTF-8"?>
<!-- Generated by org.testng.reporters.JUnitReportReporter -->
<testsuite hostname="DESKTOP-1PC1O0I" failures="0" tests="1" name="testCases.Tc_001_AccountRegistrationTest" time="4.481" errors="0" timestamp="2024-04-29T08:57:59 GMT-07:00" skipped="0">
  <testcase classname="testCases.Tc_001_AccountRegistrationTest" name="testmethod" time="4.481"/>
</testsuite> <!-- testCases.Tc_001_AccountRegistrationTest -->
